c:\users\cole\documents\github\openwar\openwarexample\openwarexample\openwarexamplecomp\arm\debug\openwarexamplecomp.pch
c:\users\cole\documents\github\openwar\openwarexample\openwarexample\openwarexamplecomp\arm\debug\pch.obj
c:\users\cole\documents\github\openwar\openwarexample\openwarexample\openwarexamplecomp\arm\debug\vc110.pdb
c:\users\cole\documents\github\openwar\openwarexample\openwarexample\openwarexamplecomp\arm\debug\direct3dbase.obj
c:\users\cole\documents\github\openwar\openwarexample\openwarexample\openwarexamplecomp\arm\debug\marker.obj
c:\users\cole\documents\github\openwar\openwarexample\openwarexample\openwarexamplecomp\arm\debug\cuberenderer.obj
c:\users\cole\documents\github\openwar\openwarexample\openwarexample\openwarexamplecomp\arm\debug\model.obj
c:\users\cole\documents\github\openwar\openwarexample\arm\debug\openwarexamplecomp\simplepixelshader.cso
c:\users\cole\documents\github\openwar\openwarexample\arm\debug\openwarexamplecomp\simplevertexshader.cso
c:\users\cole\documents\github\openwar\openwarexample\openwarexample\openwarexamplecomp\arm\debug\openwarexamplecomp.vcxprojresolveassemblyreference.cache
c:\users\cole\documents\github\openwar\openwarexample\openwarexample\openwarexamplecomp\arm\debug\cl.2672.read.1.tlog
c:\users\cole\documents\github\openwar\openwarexample\openwarexample\openwarexamplecomp\arm\debug\cl.2672.write.1.tlog
c:\users\cole\documents\github\openwar\openwarexample\openwarexample\openwarexamplecomp\arm\debug\cl.3248.read.1.tlog
c:\users\cole\documents\github\openwar\openwarexample\openwarexample\openwarexamplecomp\arm\debug\cl.3248.write.1.tlog
c:\users\cole\documents\github\openwar\openwarexample\openwarexample\openwarexamplecomp\arm\debug\cl.command.1.tlog
c:\users\cole\documents\github\openwar\openwarexample\openwarexample\openwarexamplecomp\arm\debug\cl.read.1.tlog
c:\users\cole\documents\github\openwar\openwarexample\openwarexample\openwarexamplecomp\arm\debug\cl.write.1.tlog
c:\users\cole\documents\github\openwar\openwarexample\openwarexample\openwarexamplecomp\arm\debug\fxc.command.1.tlog
c:\users\cole\documents\github\openwar\openwarexample\openwarexample\openwarexamplecomp\arm\debug\fxc.read.1.tlog
c:\users\cole\documents\github\openwar\openwarexample\openwarexample\openwarexamplecomp\arm\debug\fxc.write.1.tlog
c:\users\cole\documents\github\openwar\openwarexample\openwarexample\openwarexamplecomp\arm\debug\openwarexamplecomp.write.1.tlog
