Build started 12/6/2013 12:06:23 AM.
     1>Project "C:\Users\Cole\Documents\GitHub\openwar\OpenWARExample\OpenWARExample\OpenWARCV\OpenWarCV\OpenWarCV.vcxproj" on node 2 (Rebuild target(s)).
     1>C:\Program Files (x86)\MSBuild\Microsoft.Cpp\v4.0\V120\Microsoft.CppClean.targets(76,5): warning : The process cannot access the file 'c:\users\cole\documents\github\openwar\openwarexample\openwarexample\openwarcv\openwarcv\arm\debug\imgops.obj' because it is being used by another process.
     1>ClCompile:
         C:\Program Files (x86)\Microsoft Visual Studio 11.0\VC\WPSDK\WP80\bin\x86_arm\CL.exe /c /AI"C:\Program Files (x86)\Windows Phone Kits\8.0\Windows Metadata" /Zi /nologo /W1 /WX- /Od /Oy- /D _LIB /D WINAPI_FAMILY=WINAPI_FAMILY_PHONE_APP /Gm /EHsc /RTC1 /MDd /GS /fp:precise /Zc:wchar_t /Zc:forScope /Yc"pch.h" /Fp"ARM\Debug\OpenWarCV.pch" /Fo"ARM\Debug\\" /Fd"ARM\Debug\vc110.pdb" /Gd /TP /analyze- /errorReport:prompt pch.cpp
         pch.cpp
         C:\Program Files (x86)\Microsoft Visual Studio 11.0\VC\WPSDK\WP80\bin\x86_arm\CL.exe /c /AI"C:\Program Files (x86)\Windows Phone Kits\8.0\Windows Metadata" /Zi /nologo /W1 /WX- /Od /Oy- /D _LIB /D WINAPI_FAMILY=WINAPI_FAMILY_PHONE_APP /Gm /EHsc /RTC1 /MDd /GS /fp:precise /Zc:wchar_t /Zc:forScope /Yu"pch.h" /Fp"ARM\Debug\OpenWarCV.pch" /Fo"ARM\Debug\\" /Fd"ARM\Debug\vc110.pdb" /Gd /TP /analyze- /errorReport:prompt Feature2d.cpp ImgOps.cpp Mat.cpp MatOps.cpp
         MatOps.cpp
         Mat.cpp
         ImgOps.cpp
         Feature2d.cpp
         Generating Code...
       Lib:
         C:\Program Files (x86)\Microsoft Visual Studio 11.0\VC\WPSDK\WP80\bin\x86_arm\Lib.exe /OUT:"C:\Users\Cole\Documents\GitHub\openwar\OpenWARExample\ARM\Debug\OpenWarCV\OpenWarCV.lib" /NOLOGO /MACHINE:ARM ARM\Debug\Feature2d.obj
         ARM\Debug\ImgOps.obj
         ARM\Debug\Mat.obj
         ARM\Debug\MatOps.obj
         ARM\Debug\pch.obj
         OpenWarCV.vcxproj -> C:\Users\Cole\Documents\GitHub\openwar\OpenWARExample\ARM\Debug\OpenWarCV\OpenWarCV.lib
     1>Done Building Project "C:\Users\Cole\Documents\GitHub\openwar\OpenWARExample\OpenWARExample\OpenWARCV\OpenWarCV\OpenWarCV.vcxproj" (Rebuild target(s)).

Build succeeded.

Time Elapsed 00:00:03.13
