Build started 12/3/2013 8:02:33 PM.
     1>Project "C:\Users\Justin\Documents\Visual Studio 2012\Projects\openwar\OpenWARCV\OpenWarCV\OpenWarCV.vcxproj" on node 2 (Build target(s)).
     1>ClCompile:
         C:\Program Files (x86)\Microsoft Visual Studio 11.0\VC\WPSDK\WP80\bin\CL.exe /c /AI"C:\Program Files (x86)\Windows Phone Kits\8.0\Windows Metadata" /ZI /nologo /W1 /WX- /Od /Oy- /D _LIB /D WINAPI_FAMILY=WINAPI_FAMILY_PHONE_APP /Gm /EHsc /RTC1 /MDd /GS /fp:precise /Zc:wchar_t /Zc:forScope /Yc"pch.h" /Fp"Debug\OpenWarCV.pch" /Fo"Debug\\" /Fd"Debug\vc110.pdb" /Gd /TP /analyze- /errorReport:prompt pch.cpp
         pch.cpp
         C:\Program Files (x86)\Microsoft Visual Studio 11.0\VC\WPSDK\WP80\bin\CL.exe /c /AI"C:\Program Files (x86)\Windows Phone Kits\8.0\Windows Metadata" /ZI /nologo /W1 /WX- /Od /Oy- /D _LIB /D WINAPI_FAMILY=WINAPI_FAMILY_PHONE_APP /Gm /EHsc /RTC1 /MDd /GS /fp:precise /Zc:wchar_t /Zc:forScope /Yu"pch.h" /Fp"Debug\OpenWarCV.pch" /Fo"Debug\\" /Fd"Debug\vc110.pdb" /Gd /TP /analyze- /errorReport:prompt Feature2d.cpp ImgOps.cpp Mat.cpp MatOps.cpp
         MatOps.cpp
         Mat.cpp
         ImgOps.cpp
         Feature2d.cpp
     1>c:\users\justin\documents\visual studio 2012\projects\openwar\openwarcv\openwarcv\feature2d.h(9): warning C4091: 'typedef ' : ignored on left of 'Feature2d::Point' when no variable is declared
         Generating Code...
       Lib:
         C:\Program Files (x86)\Microsoft Visual Studio 11.0\VC\WPSDK\WP80\bin\Lib.exe /OUT:"C:\Users\Justin\Documents\Visual Studio 2012\Projects\openwar\OpenWARCV\Debug\OpenWarCV\OpenWarCV.lib" /NOLOGO Debug\Feature2d.obj
         Debug\ImgOps.obj
         Debug\Mat.obj
         Debug\MatOps.obj
         Debug\pch.obj
         OpenWarCV.vcxproj -> C:\Users\Justin\Documents\Visual Studio 2012\Projects\openwar\OpenWARCV\Debug\OpenWarCV\OpenWarCV.lib
     1>Done Building Project "C:\Users\Justin\Documents\Visual Studio 2012\Projects\openwar\OpenWARCV\OpenWarCV\OpenWarCV.vcxproj" (Build target(s)).

Build succeeded.

Time Elapsed 00:00:01.98
